2023-03-15T08:02:02.802Z - verbose: Arguments:
2023-03-15T08:02:02.802Z - verbose:   C:\CocosDashboard_1.2.5\resources\.editors\Creator\3.7.1\CocosCreator.exe: true
2023-03-15T08:02:02.802Z - verbose:   project: C:\Users\ADMIN\KnifeHitGameCocos
2023-03-15T08:02:02.802Z - verbose:   dev: false
2023-03-15T08:02:02.802Z - verbose:   home: C:\Users\ADMIN\.CocosCreator
2023-03-15T08:02:02.802Z - verbose:  
2023-03-15T08:02:05.339Z - error: certificate has expiredError: certificate has expired
    at TLSSocket.onConnectSecure (_tls_wrap.js:1497:34)
    at TLSSocket.emit (events.js:315:20)
    at TLSSocket._finishInit (_tls_wrap.js:932:8)
    at TLSWrap.onhandshakedone (_tls_wrap.js:706:12)
2023-03-15T08:02:05.362Z - error: certificate has expiredError: certificate has expired
    at TLSSocket.onConnectSecure (_tls_wrap.js:1497:34)
    at TLSSocket.emit (events.js:315:20)
    at TLSSocket._finishInit (_tls_wrap.js:932:8)
    at TLSWrap.onhandshakedone (_tls_wrap.js:706:12)
2023-03-15T08:02:07.015Z - verbose: [Package] menu@1.0.0 enable
2023-03-15T08:02:07.017Z - verbose: [Package] profile@1.0.0 enable
2023-03-15T08:02:07.028Z - verbose: [Package] project@1.0.4 enable
2023-03-15T08:02:07.032Z - verbose: [Package] messages@1.0.0 enable
2023-03-15T08:02:07.055Z - verbose: [Package] program@1.0.3 enable
2023-03-15T08:02:07.060Z - verbose: [Package] tester@1.0.0 enable
2023-03-15T08:02:07.061Z - verbose: [Package] information@1.0.0 enable
2023-03-15T08:02:07.066Z - verbose: [Package] preferences@1.0.0 enable
2023-03-15T08:02:09.350Z - log: Load engine in C:\CocosDashboard_1.2.5\resources\.editors\Creator\3.7.1\resources\resources\3d\engine
2023-03-15T08:02:10.537Z - log: Profile changed: engine (modules.includeModules: 2d,animation,audio,base,dragon-bones,gfx-webgl,gfx-webgl2,intersection-2d,light-probe,particle-2d,physics-2d-box2d,profiler,spine,tiled-map,tween,ui,video,websocket,webview)
2023-03-15T08:02:10.542Z - log: Register native engine in C:\CocosDashboard_1.2.5\resources\.editors\Creator\3.7.1\resources\resources\3d\engine\native
2023-03-15T08:02:10.544Z - verbose: [Package] engine@1.0.7 enable
2023-03-15T08:02:11.404Z - verbose: [Package] programming@1.0.0 enable
2023-03-15T08:02:11.412Z - verbose: [Package] device@1.0.1 enable
2023-03-15T08:02:11.417Z - verbose: [Package] ui-kit@1.0.1 enable
2023-03-15T08:02:11.583Z - verbose: [Package] asset-db@1.0.0 enable
2023-03-15T08:02:11.617Z - verbose: [Package] scene@1.0.0 enable
2023-03-15T08:02:11.731Z - verbose: [Package] server@1.0.0 enable
2023-03-15T08:02:11.789Z - verbose: [Package] utils@1.0.0 enable
2023-03-15T08:02:18.476Z - verbose: [Package] preview@1.0.1 enable
2023-03-15T08:02:18.505Z - verbose: [Package] animator@1.0.0 enable
2023-03-15T08:02:18.662Z - verbose: [Build-plugin] register pkg scene: 2ms
2023-03-15T08:02:18.662Z - verbose: Builder PluginManager init: 2ms
2023-03-15T08:02:18.669Z - verbose: [Package] builder@1.3.4 enable
2023-03-15T08:02:18.702Z - verbose: [Package] shortcuts@1.0.1 enable
2023-03-15T08:02:18.731Z - verbose: [Package] animation-graph@1.0.0 enable
2023-03-15T08:02:18.757Z - verbose: [Package] about@1.0.0 enable
2023-03-15T08:02:18.784Z - verbose: [Package] assets@1.0.0 enable
2023-03-15T08:02:18.811Z - verbose: [Package] console@1.0.0 enable
2023-03-15T08:02:19.028Z - verbose: [Package] crash-reporter@1.0.0 enable
2023-03-15T08:02:19.267Z - verbose: [Package] extension@3.1.0 enable
2023-03-15T08:02:19.294Z - verbose: [Package] hierarchy@1.0.0 enable
2023-03-15T08:02:19.322Z - verbose: [Package] inspector@1.0.0 enable
2023-03-15T08:02:19.349Z - verbose: [Package] light-probe@1.0.4 enable
2023-03-15T08:02:19.379Z - verbose: [Package] lightmap@1.0.4 enable
2023-03-15T08:02:19.407Z - verbose: [Package] node-library@1.0.1 enable
2023-03-15T08:02:19.430Z - verbose: [Package] package-asset@1.0.1 enable
2023-03-15T08:02:19.457Z - verbose: [Package] process@1.0.0 enable
2023-03-15T08:02:19.483Z - verbose: [Package] reference-image@1.0.0 enable
2023-03-15T08:02:19.509Z - verbose: [Package] reflection-probe@1.0.4 enable
2023-03-15T08:02:19.532Z - verbose: [Package] engine-extends@1.0.0 enable
2023-03-15T08:02:19.554Z - verbose: [Package] alipay-mini-game@1.0.1 enable
2023-03-15T08:02:19.577Z - verbose: [Package] android@1.0.1 enable
2023-03-15T08:02:19.643Z - verbose: [Package] bytedance-mini-game@1.0.2 enable
2023-03-15T08:02:19.667Z - verbose: [Package] certificate@1.0.0 enable
2023-03-15T08:02:19.689Z - verbose: [Package] channel-upload-tools@1.0.0 enable
2023-03-15T08:02:19.711Z - verbose: [Package] fb-instant-games@1.0.0 enable
2023-03-15T08:02:19.735Z - verbose: [Package] huawei-agc@1.0.0 enable
2023-03-15T08:02:19.758Z - verbose: [Package] huawei-quick-game@1.0.1 enable
2023-03-15T08:02:19.786Z - verbose: [Package] ios@1.0.0 enable
2023-03-15T08:02:19.811Z - verbose: [Package] linux@1.0.0 enable
2023-03-15T08:02:19.833Z - verbose: [Package] mac@1.0.0 enable
2023-03-15T08:02:19.904Z - verbose: [Package] native@1.0.2 enable
2023-03-15T08:02:19.940Z - verbose: [Build-plugin] register pkg native: 36ms
2023-03-15T08:02:19.942Z - verbose: [Package] ohos@1.0.0 enable
2023-03-15T08:02:19.948Z - verbose: [Build-plugin] register pkg android: 371ms
2023-03-15T08:02:19.966Z - verbose: [Package] open-harmonyos@1.0.0 enable
2023-03-15T08:02:19.988Z - verbose: [Package] oppo-mini-game@1.0.1 enable
2023-03-15T08:02:20.013Z - verbose: [Package] runtime-dev-tools@1.0.0 enable
2023-03-15T08:02:20.035Z - verbose: [Package] taobao-creative-app@1.0.0 enable
2023-03-15T08:02:20.057Z - verbose: [Build-plugin] register pkg fb-instant-games: 346ms
2023-03-15T08:02:20.059Z - verbose: [Package] vivo-mini-game@1.0.1 enable
2023-03-15T08:02:20.099Z - verbose: [Package] web-desktop@1.0.1 enable
2023-03-15T08:02:20.106Z - verbose: [Build-plugin] register pkg ios: 320ms
2023-03-15T08:02:20.130Z - verbose: [Package] web-mobile@1.0.1 enable
2023-03-15T08:02:20.152Z - verbose: [Build-plugin] register pkg bytedance-mini-game: 509ms
2023-03-15T08:02:20.159Z - verbose: [Package] wechatgame@1.0.2 enable
2023-03-15T08:02:20.184Z - verbose: [Package] windows@1.0.1 enable
2023-03-15T08:02:20.209Z - verbose: [Package] xiaomi-quick-game@1.0.1 enable
2023-03-15T08:02:23.340Z - verbose: [Package] cocos-service@3.0.6 enable
2023-03-15T08:02:23.398Z - verbose: [Build-plugin] register pkg cocos-service: 48ms
2023-03-15T08:02:23.613Z - verbose: [Package] im-plugin@3.0.10 enable
2023-03-15T08:02:23.618Z - verbose: [Build-plugin] register pkg ohos: 3676ms
2023-03-15T08:02:23.621Z - verbose: [Build-plugin] register pkg huawei-quick-game: 3863ms
2023-03-15T08:02:23.623Z - verbose: [Build-plugin] register pkg oppo-mini-game: 3635ms
2023-03-15T08:02:23.625Z - verbose: [Build-plugin] register pkg vivo-mini-game: 3566ms
2023-03-15T08:02:23.627Z - verbose: [Build-plugin] register pkg mac: 3794ms
2023-03-15T08:02:23.629Z - verbose: [Build-plugin] register pkg huawei-agc: 3894ms
2023-03-15T08:02:23.631Z - verbose: [Build-plugin] register pkg taobao-creative-app: 3596ms
2023-03-15T08:02:23.634Z - verbose: [Build-plugin] register pkg web-desktop: 3534ms
2023-03-15T08:02:23.636Z - verbose: [Build-plugin] register pkg wechatgame: 3477ms
2023-03-15T08:02:23.637Z - verbose: [Build-plugin] register pkg web-mobile: 3507ms
2023-03-15T08:02:23.651Z - verbose: [Package] placeholder@1.0.0 enable
2023-03-15T08:02:23.831Z - warn: [Window] Message does not exist: scene.editor-preview-call-method
2023-03-15T08:02:23.864Z - verbose: [Build-plugin] register pkg windows: 3680ms
2023-03-15T08:02:23.945Z - verbose: [Build-plugin] register pkg xiaomi-quick-game: 3736ms
2023-03-15T08:02:24.298Z - warn: [Window] Message does not exist: scene.query-current-scene
2023-03-15T08:02:24.438Z - verbose: asset-db is ready!
2023-03-15T08:02:28.321Z - info: [Scene] [Physics][Bullet]: Using asmjs Bullet libs.
2023-03-15T08:02:28.329Z - info: [Scene] [PHYSICS]: using builtin.
2023-03-15T08:02:28.443Z - log: [Scene] Cocos Creator v3.7.1
2023-03-15T08:02:28.443Z - info: [Scene] Forward render pipeline initialized.
2023-03-15T08:02:28.541Z - info: [Scene] [PHYSICS2D]: switch from builtin to box2d.
2023-03-15T08:03:02.957Z - log: [Window] Deprecated as of 10.7.0. highlight(lang, code, ...args) has been deprecated.
2023-03-15T08:03:02.957Z - log: [Window] Deprecated as of 10.7.0. Please use highlight(code, options) instead.
https://github.com/highlightjs/highlight.js/issues/2277
2023-03-15T08:03:02.981Z - warn: Please set the application in Preferences -> External Programs -> Default Script Editor to better open the script
