debug: Wed, 15 Mar 2023 08:02:18 GMT
debug: Project: C:\Users\ADMIN\KnifeHitGameCocos
debug: Targets: editor,preview
debug: Incremental file seems great.
debug: Engine path: C:\CocosDashboard_1.2.5\resources\.editors\Creator\3.7.1\resources\resources\3d\engine
debug: Initializing target [Editor]
debug: Loading cache
debug: Loading cache costs 7.837999999988824ms.
debug: Engine features shipped in editor: base,gfx-webgl,gfx-webgl2,gfx-empty,3d,animation,skeletal-animation,2d,ui,particle,particle-2d,physics-framework,physics-2d-framework,intersection-2d,primitive,profiler,occlusion-query,geometry-renderer,debug-renderer,audio,video,xr,light-probe,terrain,webview,tween,tiled-map,spine,dragon-bones,marionette,custom-pipeline,websocket,websocket-server
debug: Our import map(foo:/bar): {
  "imports": {
    "cc": "cce:/internal/x/cc"
  }
}
debug: Initializing target [Preview]
debug: Loading cache
debug: Loading cache costs 4.927600000053644ms.
debug: Our import map(foo:/bar): {
  "imports": {
    "cc": "cce:/internal/x/cc"
  }
}
debug: Sync engine features: 2d,animation,audio,base,dragon-bones,gfx-webgl,gfx-webgl2,intersection-2d,light-probe,particle-2d,physics-2d-box2d,profiler,spine,tiled-map,tween,ui,video,websocket,webview
debug: Reset databases. Enumerated domains: [
  {
    "root": "db://internal/",
    "physical": "C:\\CocosDashboard_1.2.5\\resources\\.editors\\Creator\\3.7.1\\resources\\resources\\3d\\engine\\editor\\assets"
  },
  {
    "root": "db://assets/",
    "physical": "C:\\Users\\ADMIN\\KnifeHitGameCocos\\assets"
  }
]
debug: Our import map(foo:/bar): {
  "imports": {
    "cc": "cce:/internal/x/cc",
    "db://internal/": "file:///C:/CocosDashboard_1.2.5/resources/.editors/Creator/3.7.1/resources/resources/3d/engine/editor/assets/",
    "db://assets/": "file:///C:/Users/ADMIN/KnifeHitGameCocos/assets/"
  }
}
debug: Our import map(foo:/bar): {
  "imports": {
    "cc": "cce:/internal/x/cc",
    "db://internal/": "file:///C:/CocosDashboard_1.2.5/resources/.editors/Creator/3.7.1/resources/resources/3d/engine/editor/assets/",
    "db://assets/": "file:///C:/Users/ADMIN/KnifeHitGameCocos/assets/"
  }
}
debug: Pulling asset-db.
debug: Fetch asset-db cost: 5.138999999966472ms.
debug: Build iteration starts.
Number of accumulated asset changes: 1
Feature changed: false
debug: Target(editor) build started.
debug: Detected change: cce:/internal/x/cc. Last mtime: Thu Jan 01 1970 08:00:08 GMT+0800 (Indochina Time), Current mtime: Thu Jan 01 1970 08:00:07 GMT+0800 (Indochina Time)
debug: Inspect cce:/internal/x/cc
debug: Resolve cce:/internal/x/cc-fu/base from cce:/internal/x/cc as external dependency cce:/internal/x/cc-fu/base.
debug: Resolve cce:/internal/x/cc-fu/gfx-webgl from cce:/internal/x/cc as external dependency cce:/internal/x/cc-fu/gfx-webgl.
debug: Resolve cce:/internal/x/cc-fu/gfx-webgl2 from cce:/internal/x/cc as external dependency cce:/internal/x/cc-fu/gfx-webgl2.
debug: Resolve cce:/internal/x/cc-fu/gfx-empty from cce:/internal/x/cc as external dependency cce:/internal/x/cc-fu/gfx-empty.
debug: Resolve cce:/internal/x/cc-fu/3d from cce:/internal/x/cc as external dependency cce:/internal/x/cc-fu/3d.
debug: Resolve cce:/internal/x/cc-fu/animation from cce:/internal/x/cc as external dependency cce:/internal/x/cc-fu/animation.
debug: Resolve cce:/internal/x/cc-fu/skeletal-animation from cce:/internal/x/cc as external dependency cce:/internal/x/cc-fu/skeletal-animation.
debug: Resolve cce:/internal/x/cc-fu/2d from cce:/internal/x/cc as external dependency cce:/internal/x/cc-fu/2d.
debug: Resolve cce:/internal/x/cc-fu/sorting from cce:/internal/x/cc as external dependency cce:/internal/x/cc-fu/sorting.
debug: Resolve cce:/internal/x/cc-fu/ui from cce:/internal/x/cc as external dependency cce:/internal/x/cc-fu/ui.
debug: Resolve cce:/internal/x/cc-fu/particle from cce:/internal/x/cc as external dependency cce:/internal/x/cc-fu/particle.
debug: Resolve cce:/internal/x/cc-fu/particle-2d from cce:/internal/x/cc as external dependency cce:/internal/x/cc-fu/particle-2d.
debug: Resolve cce:/internal/x/cc-fu/physics-framework from cce:/internal/x/cc as external dependency cce:/internal/x/cc-fu/physics-framework.
debug: Resolve cce:/internal/x/cc-fu/physics-2d-framework from cce:/internal/x/cc as external dependency cce:/internal/x/cc-fu/physics-2d-framework.
debug: Resolve cce:/internal/x/cc-fu/intersection-2d from cce:/internal/x/cc as external dependency cce:/internal/x/cc-fu/intersection-2d.
debug: Resolve cce:/internal/x/cc-fu/primitive from cce:/internal/x/cc as external dependency cce:/internal/x/cc-fu/primitive.
debug: Resolve cce:/internal/x/cc-fu/profiler from cce:/internal/x/cc as external dependency cce:/internal/x/cc-fu/profiler.
debug: Resolve cce:/internal/x/cc-fu/geometry-renderer from cce:/internal/x/cc as external dependency cce:/internal/x/cc-fu/geometry-renderer.
debug: Resolve cce:/internal/x/cc-fu/audio from cce:/internal/x/cc as external dependency cce:/internal/x/cc-fu/audio.
debug: Resolve cce:/internal/x/cc-fu/video from cce:/internal/x/cc as external dependency cce:/internal/x/cc-fu/video.
debug: Resolve cce:/internal/x/cc-fu/xr from cce:/internal/x/cc as external dependency cce:/internal/x/cc-fu/xr.
debug: Resolve cce:/internal/x/cc-fu/light-probe from cce:/internal/x/cc as external dependency cce:/internal/x/cc-fu/light-probe.
debug: Resolve cce:/internal/x/cc-fu/terrain from cce:/internal/x/cc as external dependency cce:/internal/x/cc-fu/terrain.
debug: Resolve cce:/internal/x/cc-fu/webview from cce:/internal/x/cc as external dependency cce:/internal/x/cc-fu/webview.
debug: Resolve cce:/internal/x/cc-fu/tween from cce:/internal/x/cc as external dependency cce:/internal/x/cc-fu/tween.
debug: Resolve cce:/internal/x/cc-fu/tiled-map from cce:/internal/x/cc as external dependency cce:/internal/x/cc-fu/tiled-map.
debug: Resolve cce:/internal/x/cc-fu/spine from cce:/internal/x/cc as external dependency cce:/internal/x/cc-fu/spine.
debug: Resolve cce:/internal/x/cc-fu/dragon-bones from cce:/internal/x/cc as external dependency cce:/internal/x/cc-fu/dragon-bones.
debug: Resolve cce:/internal/x/cc-fu/custom-pipeline from cce:/internal/x/cc as external dependency cce:/internal/x/cc-fu/custom-pipeline.
debug: Detected change: cce:/internal/x/prerequisite-imports. Last mtime: Thu Jan 01 1970 08:45:37 GMT+0800 (Indochina Time), Current mtime: Thu Jan 01 1970 08:00:07 GMT+0800 (Indochina Time)
debug: Inspect cce:/internal/x/prerequisite-imports
debug: Resolve file:///C:/Users/ADMIN/KnifeHitGameCocos/assets/Scripts/Game.ts from cce:/internal/x/prerequisite-imports as file:///C:/Users/ADMIN/KnifeHitGameCocos/assets/Scripts/Game.ts.
debug: Inspect file:///C:/Users/ADMIN/KnifeHitGameCocos/assets/Scripts/Game.ts
debug: Resolve cc from file:///C:/Users/ADMIN/KnifeHitGameCocos/assets/Scripts/Game.ts as cce:/internal/x/cc.
debug: Resolve cc from file:///C:/Users/ADMIN/KnifeHitGameCocos/assets/Scripts/Game.ts as cce:/internal/x/cc.
debug: Resolve cc from file:///C:/Users/ADMIN/KnifeHitGameCocos/assets/Scripts/Game.ts as cce:/internal/x/cc.
debug: Target(editor) ends with cost 187.33700000029057ms.
debug: Target(preview) build started.
debug: Detected change: cce:/internal/x/cc. Last mtime: Thu Jan 01 1970 08:00:09 GMT+0800 (Indochina Time), Current mtime: Thu Jan 01 1970 08:00:07 GMT+0800 (Indochina Time)
debug: Inspect cce:/internal/x/cc
debug: Resolve cce:/internal/x/cc-fu/2d from cce:/internal/x/cc as external dependency cce:/internal/x/cc-fu/2d.
debug: Resolve cce:/internal/x/cc-fu/sorting from cce:/internal/x/cc as external dependency cce:/internal/x/cc-fu/sorting.
debug: Resolve cce:/internal/x/cc-fu/animation from cce:/internal/x/cc as external dependency cce:/internal/x/cc-fu/animation.
debug: Resolve cce:/internal/x/cc-fu/audio from cce:/internal/x/cc as external dependency cce:/internal/x/cc-fu/audio.
debug: Resolve cce:/internal/x/cc-fu/base from cce:/internal/x/cc as external dependency cce:/internal/x/cc-fu/base.
debug: Resolve cce:/internal/x/cc-fu/dragon-bones from cce:/internal/x/cc as external dependency cce:/internal/x/cc-fu/dragon-bones.
debug: Resolve cce:/internal/x/cc-fu/gfx-webgl from cce:/internal/x/cc as external dependency cce:/internal/x/cc-fu/gfx-webgl.
debug: Resolve cce:/internal/x/cc-fu/gfx-webgl2 from cce:/internal/x/cc as external dependency cce:/internal/x/cc-fu/gfx-webgl2.
debug: Resolve cce:/internal/x/cc-fu/intersection-2d from cce:/internal/x/cc as external dependency cce:/internal/x/cc-fu/intersection-2d.
debug: Resolve cce:/internal/x/cc-fu/light-probe from cce:/internal/x/cc as external dependency cce:/internal/x/cc-fu/light-probe.
debug: Resolve cce:/internal/x/cc-fu/particle-2d from cce:/internal/x/cc as external dependency cce:/internal/x/cc-fu/particle-2d.
debug: Resolve cce:/internal/x/cc-fu/physics-2d-box2d from cce:/internal/x/cc as external dependency cce:/internal/x/cc-fu/physics-2d-box2d.
debug: Resolve cce:/internal/x/cc-fu/physics-2d-framework from cce:/internal/x/cc as external dependency cce:/internal/x/cc-fu/physics-2d-framework.
debug: Resolve cce:/internal/x/cc-fu/profiler from cce:/internal/x/cc as external dependency cce:/internal/x/cc-fu/profiler.
debug: Resolve cce:/internal/x/cc-fu/spine from cce:/internal/x/cc as external dependency cce:/internal/x/cc-fu/spine.
debug: Resolve cce:/internal/x/cc-fu/tiled-map from cce:/internal/x/cc as external dependency cce:/internal/x/cc-fu/tiled-map.
debug: Resolve cce:/internal/x/cc-fu/tween from cce:/internal/x/cc as external dependency cce:/internal/x/cc-fu/tween.
debug: Resolve cce:/internal/x/cc-fu/ui from cce:/internal/x/cc as external dependency cce:/internal/x/cc-fu/ui.
debug: Resolve cce:/internal/x/cc-fu/video from cce:/internal/x/cc as external dependency cce:/internal/x/cc-fu/video.
debug: Resolve cce:/internal/x/cc-fu/webview from cce:/internal/x/cc as external dependency cce:/internal/x/cc-fu/webview.
debug: Detected change: cce:/internal/x/prerequisite-imports. Last mtime: Thu Jan 01 1970 08:45:37 GMT+0800 (Indochina Time), Current mtime: Thu Jan 01 1970 08:00:08 GMT+0800 (Indochina Time)
debug: Inspect cce:/internal/x/prerequisite-imports
debug: Resolve file:///C:/Users/ADMIN/KnifeHitGameCocos/assets/Scripts/Game.ts from cce:/internal/x/prerequisite-imports as file:///C:/Users/ADMIN/KnifeHitGameCocos/assets/Scripts/Game.ts.
debug: Inspect file:///C:/Users/ADMIN/KnifeHitGameCocos/assets/Scripts/Game.ts
debug: Resolve cc from file:///C:/Users/ADMIN/KnifeHitGameCocos/assets/Scripts/Game.ts as cce:/internal/x/cc.
debug: Resolve cc from file:///C:/Users/ADMIN/KnifeHitGameCocos/assets/Scripts/Game.ts as cce:/internal/x/cc.
debug: Resolve cc from file:///C:/Users/ADMIN/KnifeHitGameCocos/assets/Scripts/Game.ts as cce:/internal/x/cc.
debug: Target(preview) ends with cost 129.18140000011772ms.
debug: Pulling asset-db.
debug: Fetch asset-db cost: 1593.001800000202ms.
debug: Build iteration starts.
Number of accumulated asset changes: 1
Feature changed: false
debug: Target(editor) build started.
debug: Detected change: cce:/internal/x/prerequisite-imports. Last mtime: Thu Jan 01 1970 08:00:07 GMT+0800 (Indochina Time), Current mtime: Thu Jan 01 1970 08:00:15 GMT+0800 (Indochina Time)
debug: Inspect cce:/internal/x/prerequisite-imports
debug: Resolve file:///C:/Users/ADMIN/KnifeHitGameCocos/assets/Scripts/Game.ts from cce:/internal/x/prerequisite-imports as file:///C:/Users/ADMIN/KnifeHitGameCocos/assets/Scripts/Game.ts.
debug: Target(editor) ends with cost 19.210399999748915ms.
debug: Target(preview) build started.
debug: Detected change: cce:/internal/x/prerequisite-imports. Last mtime: Thu Jan 01 1970 08:00:08 GMT+0800 (Indochina Time), Current mtime: Thu Jan 01 1970 08:00:15 GMT+0800 (Indochina Time)
debug: Inspect cce:/internal/x/prerequisite-imports
debug: Resolve file:///C:/Users/ADMIN/KnifeHitGameCocos/assets/Scripts/Game.ts from cce:/internal/x/prerequisite-imports as file:///C:/Users/ADMIN/KnifeHitGameCocos/assets/Scripts/Game.ts.
debug: Target(preview) ends with cost 23.93859999999404ms.
debug: Dispatch build request for time accumulated 1 asset changes.
debug: Build iteration starts.
Number of accumulated asset changes: 1
Feature changed: false
debug: Target(editor) build started.
debug: Detected change: cce:/internal/x/prerequisite-imports. Last mtime: Thu Jan 01 1970 08:00:15 GMT+0800 (Indochina Time), Current mtime: Thu Jan 01 1970 08:04:57 GMT+0800 (Indochina Time)
debug: Inspect cce:/internal/x/prerequisite-imports
debug: Resolve file:///C:/Users/ADMIN/KnifeHitGameCocos/assets/Scripts/Game.ts from cce:/internal/x/prerequisite-imports as file:///C:/Users/ADMIN/KnifeHitGameCocos/assets/Scripts/Game.ts.
debug: Detected change: file:///C:/Users/ADMIN/KnifeHitGameCocos/assets/Scripts/Game.ts. Last mtime: Wed Mar 15 2023 14:43:04 GMT+0700 (Indochina Time)@d427283e-cc73-463e-a236-6a5677874f8b, Current mtime: Wed Mar 15 2023 15:07:06 GMT+0700 (Indochina Time)@d427283e-cc73-463e-a236-6a5677874f8b
debug: Inspect file:///C:/Users/ADMIN/KnifeHitGameCocos/assets/Scripts/Game.ts
debug: Resolve cc from file:///C:/Users/ADMIN/KnifeHitGameCocos/assets/Scripts/Game.ts as cce:/internal/x/cc.
debug: Resolve cc from file:///C:/Users/ADMIN/KnifeHitGameCocos/assets/Scripts/Game.ts as cce:/internal/x/cc.
debug: Resolve cc from file:///C:/Users/ADMIN/KnifeHitGameCocos/assets/Scripts/Game.ts as cce:/internal/x/cc.
debug: Target(editor) ends with cost 123.7105000000447ms.
debug: Target(preview) build started.
debug: Detected change: cce:/internal/x/prerequisite-imports. Last mtime: Thu Jan 01 1970 08:00:15 GMT+0800 (Indochina Time), Current mtime: Thu Jan 01 1970 08:04:57 GMT+0800 (Indochina Time)
debug: Inspect cce:/internal/x/prerequisite-imports
debug: Resolve file:///C:/Users/ADMIN/KnifeHitGameCocos/assets/Scripts/Game.ts from cce:/internal/x/prerequisite-imports as file:///C:/Users/ADMIN/KnifeHitGameCocos/assets/Scripts/Game.ts.
debug: Detected change: file:///C:/Users/ADMIN/KnifeHitGameCocos/assets/Scripts/Game.ts. Last mtime: Wed Mar 15 2023 14:43:04 GMT+0700 (Indochina Time)@d427283e-cc73-463e-a236-6a5677874f8b, Current mtime: Wed Mar 15 2023 15:07:06 GMT+0700 (Indochina Time)@d427283e-cc73-463e-a236-6a5677874f8b
debug: Inspect file:///C:/Users/ADMIN/KnifeHitGameCocos/assets/Scripts/Game.ts
debug: Resolve cc from file:///C:/Users/ADMIN/KnifeHitGameCocos/assets/Scripts/Game.ts as cce:/internal/x/cc.
debug: Resolve cc from file:///C:/Users/ADMIN/KnifeHitGameCocos/assets/Scripts/Game.ts as cce:/internal/x/cc.
debug: Resolve cc from file:///C:/Users/ADMIN/KnifeHitGameCocos/assets/Scripts/Game.ts as cce:/internal/x/cc.
debug: Target(preview) ends with cost 124.9796000001952ms.
